QUEUE PUSH 1 RETURN VALUE 1
QUEUE PUSH 2 RETURN VALUE 1
QUEUE PUSH 3 RETURN VALUE 1
QUEUE PUSH 4 RETURN VALUE 1
QUEUE INSERT 9 RETURN VALUE 1
QUEUE INSERT 8 RETURN VALUE 1
QUEUE INSERT 7 RETURN VALUE 1
QUEUE INSERT 6 RETURN VALUE 1
QUEUE INSERT 5 RETURN VALUE 1
QUEUE PRINT ITEM[0] = 9
QUEUE PRINT ITEM[1] = 8
QUEUE PRINT ITEM[2] = 7
QUEUE PRINT ITEM[3] = 6
QUEUE PRINT ITEM[4] = 5
QUEUE PRINT ITEM[5] = 1
QUEUE PRINT ITEM[6] = 2
QUEUE PRINT ITEM[7] = 3
QUEUE PRINT ITEM[8] = 4
QUEUE POP VALUE 9
QUEUE POP VALUE 8
QUEUE PRINT ITEM[0] = 7
QUEUE PRINT ITEM[1] = 6
QUEUE PRINT ITEM[2] = 5
QUEUE PRINT ITEM[3] = 1
QUEUE PRINT ITEM[4] = 2
QUEUE PRINT ITEM[5] = 3
QUEUE PRINT ITEM[6] = 4
QUEUE INSERT 1 RETURN VALUE 1
QUEUE INSERT 2 RETURN VALUE 1
QUEUE PRINT ITEM[0] = 7
QUEUE PRINT ITEM[1] = 6
QUEUE PRINT ITEM[2] = 5
QUEUE PRINT ITEM[3] = 2
QUEUE PRINT ITEM[4] = 1
QUEUE PRINT ITEM[5] = 1
QUEUE PRINT ITEM[6] = 2
QUEUE PRINT ITEM[7] = 3
QUEUE PRINT ITEM[8] = 4
QUEUE INSERT 1 RETURN VALUE 1
QUEUE INSERT 3 RETURN VALUE 1
QUEUE INSERT 3 RETURN VALUE 1
QUEUE PRINT ITEM[0] = 7
QUEUE PRINT ITEM[1] = 6
QUEUE PRINT ITEM[2] = 5
QUEUE PRINT ITEM[3] = 3
QUEUE PRINT ITEM[4] = 3
QUEUE PRINT ITEM[5] = 2
QUEUE PRINT ITEM[6] = 1
QUEUE PRINT ITEM[7] = 1
QUEUE PRINT ITEM[8] = 1
QUEUE PRINT ITEM[9] = 2
QUEUE PRINT ITEM[10] = 3
QUEUE PRINT ITEM[11] = 4
QUEUE PUSH 4 RETURN VALUE 1
QUEUE PUSH 3 RETURN VALUE 1
QUEUE PUSH 3 RETURN VALUE 1
QUEUE PRINT ITEM[0] = 7
QUEUE PRINT ITEM[1] = 6
QUEUE PRINT ITEM[2] = 5
QUEUE PRINT ITEM[3] = 3
QUEUE PRINT ITEM[4] = 3
QUEUE PRINT ITEM[5] = 2
QUEUE PRINT ITEM[6] = 1
QUEUE PRINT ITEM[7] = 1
QUEUE PRINT ITEM[8] = 1
QUEUE PRINT ITEM[9] = 2
QUEUE PRINT ITEM[10] = 3
QUEUE PRINT ITEM[11] = 4
QUEUE PRINT ITEM[12] = 4
QUEUE PRINT ITEM[13] = 3
QUEUE PRINT ITEM[14] = 3
QUEUE ERASE 3 RETURN VALUE 1
QUEUE PRINT ITEM[0] = 7
QUEUE PRINT ITEM[1] = 6
QUEUE PRINT ITEM[2] = 5
QUEUE PRINT ITEM[3] = 2
QUEUE PRINT ITEM[4] = 1
QUEUE PRINT ITEM[5] = 1
QUEUE PRINT ITEM[6] = 1
QUEUE PRINT ITEM[7] = 2
QUEUE PRINT ITEM[8] = 4
QUEUE PRINT ITEM[9] = 4
QUEUE ERASE 1 RETURN VALUE 1
QUEUE PRINT ITEM[0] = 7
QUEUE PRINT ITEM[1] = 6
QUEUE PRINT ITEM[2] = 5
QUEUE PRINT ITEM[3] = 2
QUEUE PRINT ITEM[4] = 2
QUEUE PRINT ITEM[5] = 4
QUEUE PRINT ITEM[6] = 4
QUEUE INSERT 1 RETURN VALUE 1
QUEUE PRINT ITEM[0] = 7
QUEUE PRINT ITEM[1] = 6
QUEUE PRINT ITEM[2] = 5
QUEUE PRINT ITEM[3] = 2
QUEUE PRINT ITEM[4] = 2
QUEUE PRINT ITEM[5] = 4
QUEUE PRINT ITEM[6] = 4
QUEUE PRINT ITEM[7] = 1
QUEUE INSERT 3 RETURN VALUE 1
QUEUE PRINT ITEM[0] = 7
QUEUE PRINT ITEM[1] = 6
QUEUE PRINT ITEM[2] = 5
QUEUE PRINT ITEM[3] = 3
QUEUE PRINT ITEM[4] = 2
QUEUE PRINT ITEM[5] = 2
QUEUE PRINT ITEM[6] = 4
QUEUE PRINT ITEM[7] = 4
QUEUE PRINT ITEM[8] = 1
QUEUE ERASE 4 RETURN VALUE 1
QUEUE INSERT 4 RETURN VALUE 1
QUEUE PRINT ITEM[0] = 7
QUEUE PRINT ITEM[1] = 6
QUEUE PRINT ITEM[2] = 5
QUEUE PRINT ITEM[3] = 4
QUEUE PRINT ITEM[4] = 3
QUEUE PRINT ITEM[5] = 2
QUEUE PRINT ITEM[6] = 2
QUEUE PRINT ITEM[7] = 1
QUEUE CLEAR
