QUEUE PUSH 'one' RETURN VALUE 1
QUEUE PUSH 'two' RETURN VALUE 1
QUEUE PUSH 'three' RETURN VALUE 1
QUEUE PUSH 'four' RETURN VALUE 1
QUEUE INSERT 'nine' RETURN VALUE 1
QUEUE INSERT 'eight' RETURN VALUE 1
QUEUE INSERT 'seven' RETURN VALUE 1
QUEUE INSERT 'six' RETURN VALUE 1
QUEUE INSERT 'five' RETURN VALUE 1
QUEUE PRINT ITEM[0] = 'six'
QUEUE PRINT ITEM[1] = 'seven'
QUEUE PRINT ITEM[2] = 'one'
QUEUE PRINT ITEM[3] = 'two'
QUEUE PRINT ITEM[4] = 'three'
QUEUE PRINT ITEM[5] = 'nine'
QUEUE PRINT ITEM[6] = 'four'
QUEUE PRINT ITEM[7] = 'five'
QUEUE PRINT ITEM[8] = 'eight'
QUEUE POP VALUE 'six'
QUEUE POP VALUE 'seven'
QUEUE PRINT ITEM[0] = 'one'
QUEUE PRINT ITEM[1] = 'two'
QUEUE PRINT ITEM[2] = 'three'
QUEUE PRINT ITEM[3] = 'nine'
QUEUE PRINT ITEM[4] = 'four'
QUEUE PRINT ITEM[5] = 'five'
QUEUE PRINT ITEM[6] = 'eight'
QUEUE INSERT 'one' RETURN VALUE 1
QUEUE INSERT 'two' RETURN VALUE 1
QUEUE PRINT ITEM[0] = 'two'
QUEUE PRINT ITEM[1] = 'one'
QUEUE PRINT ITEM[2] = 'one'
QUEUE PRINT ITEM[3] = 'two'
QUEUE PRINT ITEM[4] = 'three'
QUEUE PRINT ITEM[5] = 'nine'
QUEUE PRINT ITEM[6] = 'four'
QUEUE PRINT ITEM[7] = 'five'
QUEUE PRINT ITEM[8] = 'eight'
QUEUE INSERT 'one' RETURN VALUE 1
QUEUE INSERT 'three' RETURN VALUE 1
QUEUE INSERT 'three' RETURN VALUE 1
QUEUE PRINT ITEM[0] = 'two'
QUEUE PRINT ITEM[1] = 'three'
QUEUE PRINT ITEM[2] = 'three'
QUEUE PRINT ITEM[3] = 'one'
QUEUE PRINT ITEM[4] = 'one'
QUEUE PRINT ITEM[5] = 'one'
QUEUE PRINT ITEM[6] = 'two'
QUEUE PRINT ITEM[7] = 'three'
QUEUE PRINT ITEM[8] = 'nine'
QUEUE PRINT ITEM[9] = 'four'
QUEUE PRINT ITEM[10] = 'five'
QUEUE PRINT ITEM[11] = 'eight'
QUEUE PUSH 'four' RETURN VALUE 1
QUEUE PUSH 'three' RETURN VALUE 1
QUEUE PUSH 'three' RETURN VALUE 1
QUEUE PRINT ITEM[0] = 'two'
QUEUE PRINT ITEM[1] = 'three'
QUEUE PRINT ITEM[2] = 'three'
QUEUE PRINT ITEM[3] = 'one'
QUEUE PRINT ITEM[4] = 'one'
QUEUE PRINT ITEM[5] = 'one'
QUEUE PRINT ITEM[6] = 'two'
QUEUE PRINT ITEM[7] = 'three'
QUEUE PRINT ITEM[8] = 'nine'
QUEUE PRINT ITEM[9] = 'four'
QUEUE PRINT ITEM[10] = 'five'
QUEUE PRINT ITEM[11] = 'eight'
QUEUE PRINT ITEM[12] = 'four'
QUEUE PRINT ITEM[13] = 'three'
QUEUE PRINT ITEM[14] = 'three'
QUEUE ERASE 'three' RETURN VALUE 1
QUEUE PRINT ITEM[0] = 'two'
QUEUE PRINT ITEM[1] = 'one'
QUEUE PRINT ITEM[2] = 'one'
QUEUE PRINT ITEM[3] = 'one'
QUEUE PRINT ITEM[4] = 'two'
QUEUE PRINT ITEM[5] = 'nine'
QUEUE PRINT ITEM[6] = 'four'
QUEUE PRINT ITEM[7] = 'five'
QUEUE PRINT ITEM[8] = 'eight'
QUEUE PRINT ITEM[9] = 'four'
QUEUE ERASE 'one' RETURN VALUE 1
QUEUE PRINT ITEM[0] = 'two'
QUEUE PRINT ITEM[1] = 'two'
QUEUE PRINT ITEM[2] = 'nine'
QUEUE PRINT ITEM[3] = 'four'
QUEUE PRINT ITEM[4] = 'five'
QUEUE PRINT ITEM[5] = 'eight'
QUEUE PRINT ITEM[6] = 'four'
QUEUE INSERT 'one' RETURN VALUE 1
QUEUE PRINT ITEM[0] = 'two'
QUEUE PRINT ITEM[1] = 'two'
QUEUE PRINT ITEM[2] = 'one'
QUEUE PRINT ITEM[3] = 'nine'
QUEUE PRINT ITEM[4] = 'four'
QUEUE PRINT ITEM[5] = 'five'
QUEUE PRINT ITEM[6] = 'eight'
QUEUE PRINT ITEM[7] = 'four'
QUEUE INSERT 'three' RETURN VALUE 1
QUEUE PRINT ITEM[0] = 'two'
QUEUE PRINT ITEM[1] = 'two'
QUEUE PRINT ITEM[2] = 'three'
QUEUE PRINT ITEM[3] = 'one'
QUEUE PRINT ITEM[4] = 'nine'
QUEUE PRINT ITEM[5] = 'four'
QUEUE PRINT ITEM[6] = 'five'
QUEUE PRINT ITEM[7] = 'eight'
QUEUE PRINT ITEM[8] = 'four'
QUEUE ERASE 'four' RETURN VALUE 1
QUEUE INSERT 'four' RETURN VALUE 1
QUEUE PRINT ITEM[0] = 'two'
QUEUE PRINT ITEM[1] = 'two'
QUEUE PRINT ITEM[2] = 'three'
QUEUE PRINT ITEM[3] = 'one'
QUEUE PRINT ITEM[4] = 'nine'
QUEUE PRINT ITEM[5] = 'four'
QUEUE PRINT ITEM[6] = 'five'
QUEUE PRINT ITEM[7] = 'eight'
QUEUE CLEAR
