Prvociselny rozklad cisla 1 je:
1
Prvociselny rozklad cisla 2 je:
2
Prvociselny rozklad cisla 3 je:
3
Prvociselny rozklad cisla 4 je:
2^2
Prvociselny rozklad cisla 5 je:
5
Prvociselny rozklad cisla 6 je:
2 x 3
Prvociselny rozklad cisla 7 je:
7
Prvociselny rozklad cisla 8 je:
2^3
Prvociselny rozklad cisla 9 je:
3^2
Prvociselny rozklad cisla 10 je:
2 x 5
Prvociselny rozklad cisla 11 je:
11
Prvociselny rozklad cisla 12 je:
2^2 x 3
Prvociselny rozklad cisla 13 je:
13
Prvociselny rozklad cisla 14 je:
2 x 7
Prvociselny rozklad cisla 15 je:
3 x 5
Prvociselny rozklad cisla 16 je:
2^4
Prvociselny rozklad cisla 17 je:
17
Prvociselny rozklad cisla 18 je:
2 x 3^2
Prvociselny rozklad cisla 19 je:
19
Prvociselny rozklad cisla 20 je:
2^2 x 5
